#
# A fatal error has been detected by the Java Runtime Environment:
#
#  EXCEPTION_ACCESS_VIOLATION (0xc0000005) at pc=0x000000007110b5db, pid=24188, tid=4944
#
# JRE version: OpenJDK Runtime Environment (15.0.1+9) (build 15.0.1+9-18)
# Java VM: OpenJDK 64-Bit Server VM (15.0.1+9-18, mixed mode, sharing, tiered, compressed oops, g1 gc, windows-amd64)
# Problematic frame:
# C  [jSSC-2.8_x86_64.dll+0xb5db]
#
# No core dump will be written. Minidumps are not enabled by default on client versions of Windows
#
# If you would like to submit a bug report, please visit:
#   https://bugreport.java.com/bugreport/crash.jsp
# The crash happened outside the Java Virtual Machine in native code.
# See problematic frame for where to report the bug.
#

---------------  S U M M A R Y ------------

Command Line: -javaagent:C:\Program Files\JetBrains\IntelliJ IDEA 2020.2.1\lib\idea_rt.jar=55805:C:\Program Files\JetBrains\IntelliJ IDEA 2020.2.1\bin -Dfile.encoding=UTF-8 javamain.objects.Playfield

Host: Intel(R) Core(TM) i9-10980HK CPU @ 2.40GHz, 16 cores, 15G,  Windows 10 , 64 bit Build 19041 (10.0.19041.546)
Time: Wed Oct 28 15:20:50 2020 W. Europe Standard Time elapsed time: 0.639636 seconds (0d 0h 0m 0s)

---------------  T H R E A D  ---------------

Current thread (0x00000140dbe21930):  JavaThread "main" [_thread_in_native, id=4944, stack(0x0000002ef6c00000,0x0000002ef6d00000)]

Stack: [0x0000002ef6c00000,0x0000002ef6d00000],  sp=0x0000002ef6cff0c0,  free space=1020k
Native frames: (J=compiled Java code, j=interpreted, Vv=VM code, C=native code)
C  [jSSC-2.8_x86_64.dll+0xb5db]

Java frames: (J=compiled Java code, j=interpreted, Vv=VM code)
j  jssc.SerialNativeInterface.openPort(Ljava/lang/String;Z)J+0
j  jssc.SerialPort.openPort()Z+65
j  processing.serial.Serial.<init>(Lprocessing/core/PApplet;Ljava/lang/String;ICIF)V+154
j  processing.serial.Serial.<init>(Lprocessing/core/PApplet;Ljava/lang/String;I)V+9
j  javamain.objects.Playfield.settings()V+21
j  processing.core.PApplet.handleSettings()V+75
j  processing.core.PApplet.runSketch([Ljava/lang/String;Lprocessing/core/PApplet;)V+786
j  javamain.objects.Playfield.main([Ljava/lang/String;)V+20
v  ~StubRoutines::call_stub

siginfo: EXCEPTION_ACCESS_VIOLATION (0xc0000005), reading address 0xffffffffd9e51d50


Register to memory mapping:

RIP=0x000000007110b5db jSSC-2.8_x86_64.dll
RAX=0xffffffffd9e51d50 is an unknown value
RBX=0x0000002ef6cff130 is pointing into the stack for thread: 0x00000140dbe21930
RCX=0x00007ffe4250bf74 ntdll.dll
RDX=0x0 is NULL
RSP=0x0000002ef6cff0c0 is pointing into the stack for thread: 0x00000140dbe21930
RBP=0x0000002ef6cff240 is pointing into the stack for thread: 0x00000140dbe21930
RSI=0x00000140dbe21c58 points into unknown readable memory: 0x00007ffdb0bcde40 | 40 de bc b0 fd 7f 00 00
RDI=0x0000000000000914 is an unknown value
R8 =0x0000002ef6cfefb8 is pointing into the stack for thread: 0x00000140dbe21930
R9 =0x0000002ef6cff0b0 is pointing into the stack for thread: 0x00000140dbe21930
R10=0x0 is NULL
R11=0x0000000000000246 is an unknown value
R12=0x0000002ef6cff2f8 is pointing into the stack for thread: 0x00000140dbe21930
R13=0x000001408119ec20 points into unknown readable memory: 0x00000000354d4f43 | 43 4f 4d 35 00 00 00 00
R14=0x0000002ef6cff1f0 is pointing into the stack for thread: 0x00000140dbe21930
R15=0x00000140dbe21930 is a thread


Registers:
RAX=0xffffffffd9e51d50, RBX=0x0000002ef6cff130, RCX=0x00007ffe4250bf74, RDX=0x0000000000000000
RSP=0x0000002ef6cff0c0, RBP=0x0000002ef6cff240, RSI=0x00000140dbe21c58, RDI=0x0000000000000914
R8 =0x0000002ef6cfefb8, R9 =0x0000002ef6cff0b0, R10=0x0000000000000000, R11=0x0000000000000246
R12=0x0000002ef6cff2f8, R13=0x000001408119ec20, R14=0x0000002ef6cff1f0, R15=0x00000140dbe21930
RIP=0x000000007110b5db, EFLAGS=0x0000000000010202

Top of Stack: (sp=0x0000002ef6cff0c0)
0x0000002ef6cff0c0:   000001408131a1f0 000001408119ea60
0x0000002ef6cff0d0:   000000007110b230 00000140d9b30000
0x0000002ef6cff0e0:   00000140d9d00000 0000000000000004
0x0000002ef6cff0f0:   00000140dbe21c58 0000000000000914
0x0000002ef6cff100:   0000002ef6cff240 0000000071112590
0x0000002ef6cff110:   00000140dbe21930 0000002ef6cff1f0
0x0000002ef6cff120:   000001408119ec20 0000002ef6cff2f8
0x0000002ef6cff130:   000001408119ec20 00007ffe42485d21
0x0000002ef6cff140:   0000002ef6cff170 00000140d9b30000
0x0000002ef6cff150:   0000002ef6cff240 0000000000000000
0x0000002ef6cff160:   0000000071113500 0000000071113be8
0x0000002ef6cff170:   0000002ef6cff1a0 0000000071112641
0x0000002ef6cff180:   0000002ef6cff110 00000140dbe21c58
0x0000002ef6cff190:   0000000000000000 0000000000000000
0x0000002ef6cff1a0:   0000002ef6cff240 0000000071101595
0x0000002ef6cff1b0:   000000000000001c 0000014000000000 

Instructions: (pc=0x000000007110b5db)
0x000000007110b4db:   48 85 c0 74 bf 44 8b 03 45 85 c0 0f 84 77 ff ff
0x000000007110b4eb:   ff eb 9f 66 90 e8 8b fe ff ff 48 89 05 0c 34 01
0x000000007110b4fb:   00 eb ad 66 90 e8 7b fe ff ff 48 89 05 fc 33 01
0x000000007110b50b:   00 eb 8b e8 8d fe ff ff c7 03 01 00 00 00 e9 6f
0x000000007110b51b:   ff ff ff 66 90 55 48 89 e5 56 53 48 83 ec 20 48
0x000000007110b52b:   8b 05 d7 33 01 00 48 8b 31 48 89 cb 48 85 c0 74
0x000000007110b53b:   56 44 8b 18 45 85 db 78 42 48 8b 05 bd 33 01 00
0x000000007110b54b:   48 85 c0 74 50 44 8b 10 45 85 d2 74 1d 48 89 f1
0x000000007110b55b:   e8 d0 fd ff ff 48 8b 13 48 8d 42 40 48 8b 48 08
0x000000007110b56b:   48 8b 6a 40 48 8b 60 10 ff e1 48 8b 05 9c 33 01
0x000000007110b57b:   00 48 85 c0 74 2d 48 89 30 eb da e8 b5 fe ff ff
0x000000007110b58b:   0f 1f 44 00 00 eb b2 e8 e9 fd ff ff 48 89 05 6a
0x000000007110b59b:   33 01 00 eb 9c e8 db fd ff ff 48 89 05 5c 33 01
0x000000007110b5ab:   00 eb a2 e8 3d fd ff ff 48 89 05 5e 33 01 00 eb
0x000000007110b5bb:   c5 0f 1f 40 00 55 57 56 53 48 83 ec 28 48 8b 05
0x000000007110b5cb:   39 33 01 00 48 89 cb 48 85 c0 0f 84 c5 00 00 00
0x000000007110b5db:   8b 38 85 ff 0f 88 ab 00 00 00 48 8b 05 1c 33 01
0x000000007110b5eb:   00 48 85 c0 0f 84 bc 00 00 00 8b 30 85 f6 74 57
0x000000007110b5fb:   48 8b 05 0e 33 01 00 48 85 c0 0f 84 e5 00 00 00
0x000000007110b60b:   8b 28 48 8b 35 10 5e 01 00 ff d6 89 c7 89 e9 ff
0x000000007110b61b:   15 f4 5e 01 00 89 f9 48 89 c5 ff 15 b9 5e 01 00
0x000000007110b62b:   48 8b 05 de 32 01 00 48 89 2b 48 85 c0 74 46 48
0x000000007110b63b:   89 da 8b 08 ff 15 d7 5e 01 00 85 c0 74 27 48 83
0x000000007110b64b:   c4 28 5b 5e 5f 5d c3 48 8b 05 bf 32 01 00 48 85
0x000000007110b65b:   c0 74 64 48 8b 10 48 89 13 48 89 18 48 83 c4 28
0x000000007110b66b:   5b 5e 5f 5d c3 48 89 f2 48 83 c4 28 5b 5e 5f 5d
0x000000007110b67b:   48 ff e2 66 90 e8 8b fc ff ff 48 89 05 84 32 01
0x000000007110b68b:   00 eb ac 66 90 e8 ab fd ff ff e9 4b ff ff ff 66
0x000000007110b69b:   0f 1f 44 00 00 e8 db fc ff ff 48 89 05 5c 32 01
0x000000007110b6ab:   00 e9 2a ff ff ff e8 ca fc ff ff 48 89 05 4b 32
0x000000007110b6bb:   01 00 e9 33 ff ff ff e8 29 fc ff ff 48 89 05 4a
0x000000007110b6cb:   32 01 00 48 8b 10 48 85 c0 48 89 13 75 8b e8 12 


Stack slot to memory mapping:
stack at sp + 0 slots: 0x000001408131a1f0 points into unknown readable memory: 0x005c002e005c005c | 5c 00 5c 00 2e 00 5c 00
stack at sp + 1 slots: 0x000001408119ea60 points into unknown readable memory: 0x000001408119eed0 | d0 ee 19 81 40 01 00 00
stack at sp + 2 slots: 0x000000007110b230 jSSC-2.8_x86_64.dll
stack at sp + 3 slots: 0x00000140d9b30000 points into unknown readable memory: 0x0000000000000000 | 00 00 00 00 00 00 00 00
stack at sp + 4 slots: 0x00000140d9d00000 points into unknown readable memory: 0x0000000000000000 | 00 00 00 00 00 00 00 00
stack at sp + 5 slots: 0x0000000000000004 is an unknown value
stack at sp + 6 slots: 0x00000140dbe21c58 points into unknown readable memory: 0x00007ffdb0bcde40 | 40 de bc b0 fd 7f 00 00
stack at sp + 7 slots: 0x0000000000000914 is an unknown value


---------------  P R O C E S S  ---------------

Threads class SMR info:
_java_thread_list=0x0000014080dc6f80, length=17, elements={
0x00000140dbe21930, 0x0000014080809fa0, 0x000001408080ab70, 0x000001408081e3a0,
0x0000014080820e60, 0x0000014080821910, 0x0000014080825610, 0x00000140808315c0,
0x000001408083a780, 0x00000140fff1b7c0, 0x000001408093c0c0, 0x000001408093e8e0,
0x0000014080a378e0, 0x0000014080a3ddd0, 0x0000014080dc3250, 0x0000014080dc4990,
0x0000014080dcad40
}

Java Threads: ( => current thread )
=>0x00000140dbe21930 JavaThread "main" [_thread_in_native, id=4944, stack(0x0000002ef6c00000,0x0000002ef6d00000)]
  0x0000014080809fa0 JavaThread "Reference Handler" daemon [_thread_blocked, id=11520, stack(0x0000002ef7300000,0x0000002ef7400000)]
  0x000001408080ab70 JavaThread "Finalizer" daemon [_thread_blocked, id=28268, stack(0x0000002ef7400000,0x0000002ef7500000)]
  0x000001408081e3a0 JavaThread "Signal Dispatcher" daemon [_thread_blocked, id=25420, stack(0x0000002ef7500000,0x0000002ef7600000)]
  0x0000014080820e60 JavaThread "Attach Listener" daemon [_thread_blocked, id=14340, stack(0x0000002ef7600000,0x0000002ef7700000)]
  0x0000014080821910 JavaThread "Service Thread" daemon [_thread_blocked, id=28620, stack(0x0000002ef7700000,0x0000002ef7800000)]
  0x0000014080825610 JavaThread "C2 CompilerThread0" daemon [_thread_blocked, id=27756, stack(0x0000002ef7800000,0x0000002ef7900000)]
  0x00000140808315c0 JavaThread "C1 CompilerThread0" daemon [_thread_blocked, id=10184, stack(0x0000002ef7900000,0x0000002ef7a00000)]
  0x000001408083a780 JavaThread "Sweeper thread" daemon [_thread_blocked, id=22088, stack(0x0000002ef7a00000,0x0000002ef7b00000)]
  0x00000140fff1b7c0 JavaThread "Common-Cleaner" daemon [_thread_blocked, id=18112, stack(0x0000002ef7b00000,0x0000002ef7c00000)]
  0x000001408093c0c0 JavaThread "C1 CompilerThread1" daemon [_thread_blocked, id=6192, stack(0x0000002ef7c00000,0x0000002ef7d00000)]
  0x000001408093e8e0 JavaThread "C1 CompilerThread2" daemon [_thread_blocked, id=3952, stack(0x0000002ef7d00000,0x0000002ef7e00000)]
  0x0000014080a378e0 JavaThread "Monitor Ctrl-Break" daemon [_thread_in_native, id=22188, stack(0x0000002ef7f00000,0x0000002ef8000000)]
  0x0000014080a3ddd0 JavaThread "Notification Thread" daemon [_thread_blocked, id=21884, stack(0x0000002ef8000000,0x0000002ef8100000)]
  0x0000014080dc3250 JavaThread "Java2D Disposer" daemon [_thread_blocked, id=25760, stack(0x0000002ef8200000,0x0000002ef8300000)]
  0x0000014080dc4990 JavaThread "AWT-Shutdown" [_thread_blocked, id=28000, stack(0x0000002ef8300000,0x0000002ef8400000)]
  0x0000014080dcad40 JavaThread "AWT-Windows" daemon [_thread_in_native, id=2696, stack(0x0000002ef8400000,0x0000002ef8500000)]

Other Threads:
  0x0000014080809730 VMThread "VM Thread" [stack: 0x0000002ef7200000,0x0000002ef7300000] [id=26368]
  0x00000140dbe22a60 WatcherThread [stack: 0x0000002ef8100000,0x0000002ef8200000] [id=24352]
  0x00000140dbe75ad0 GCTaskThread "GC Thread#0" [stack: 0x0000002ef6d00000,0x0000002ef6e00000] [id=2204]
  0x00000140dbe86960 ConcurrentGCThread "G1 Main Marker" [stack: 0x0000002ef6e00000,0x0000002ef6f00000] [id=24664]
  0x00000140dbe87550 ConcurrentGCThread "G1 Conc#0" [stack: 0x0000002ef6f00000,0x0000002ef7000000] [id=8464]
  0x00000140ffdb20d0 ConcurrentGCThread "G1 Refine#0" [stack: 0x0000002ef7000000,0x0000002ef7100000] [id=21276]
  0x00000140ffdb2ae0 ConcurrentGCThread "G1 Young RemSet Sampling" [stack: 0x0000002ef7100000,0x0000002ef7200000] [id=23328]

Threads with active compile tasks:

VM state: not at safepoint (normal execution)

VM Mutex/Monitor currently owned by a thread: None

Heap address: 0x0000000702c00000, size: 4052 MB, Compressed Oops mode: Zero based, Oop shift amount: 3
CDS archive(s) mapped at: [0x0000000800000000-0x0000000800b50000-0x0000000800b50000), size 11862016, SharedBaseAddress: 0x0000000800000000, ArchiveRelocationMode: 0.
Compressed class space mapped at: 0x0000000800b50000-0x0000000840b50000, size: 1073741824
Narrow klass base: 0x0000000800000000, Narrow klass shift: 3, Narrow klass range: 0x100000000

GC Precious Log:
 CPUs: 16 total, 16 available
 Memory: 16203M
 Large Page Support: Disabled
 NUMA Support: Disabled
 Compressed Oops: Enabled (Zero based)
 Heap Region Size: 2M
 Heap Min Capacity: 8M
 Heap Initial Capacity: 254M
 Heap Max Capacity: 4052M
 Pre-touch: Disabled
 Parallel Workers: 13
 Concurrent Workers: 3
 Concurrent Refinement Workers: 13
 Periodic GC: Disabled

Heap:
 garbage-first heap   total 260096K, used 4096K [0x0000000702c00000, 0x0000000800000000)
  region size 2048K, 3 young (6144K), 0 survivors (0K)
 Metaspace       used 3339K, capacity 5012K, committed 5120K, reserved 1056768K
  class space    used 297K, capacity 450K, committed 512K, reserved 1048576K

Heap Regions: E=young(eden), S=young(survivor), O=old, HS=humongous(starts), HC=humongous(continues), CS=collection set, F=free, OA=open archive, CA=closed archive, TAMS=top-at-mark-start (previous, next)
|   0|0x0000000702c00000, 0x0000000702c00000, 0x0000000702e00000|  0%| F|  |TAMS 0x0000000702c00000, 0x0000000702c00000| Untracked 
|   1|0x0000000702e00000, 0x0000000702e00000, 0x0000000703000000|  0%| F|  |TAMS 0x0000000702e00000, 0x0000000702e00000| Untracked 
|   2|0x0000000703000000, 0x0000000703000000, 0x0000000703200000|  0%| F|  |TAMS 0x0000000703000000, 0x0000000703000000| Untracked 
|   3|0x0000000703200000, 0x0000000703200000, 0x0000000703400000|  0%| F|  |TAMS 0x0000000703200000, 0x0000000703200000| Untracked 
|   4|0x0000000703400000, 0x0000000703400000, 0x0000000703600000|  0%| F|  |TAMS 0x0000000703400000, 0x0000000703400000| Untracked 
|   5|0x0000000703600000, 0x0000000703600000, 0x0000000703800000|  0%| F|  |TAMS 0x0000000703600000, 0x0000000703600000| Untracked 
|   6|0x0000000703800000, 0x0000000703800000, 0x0000000703a00000|  0%| F|  |TAMS 0x0000000703800000, 0x0000000703800000| Untracked 
|   7|0x0000000703a00000, 0x0000000703a00000, 0x0000000703c00000|  0%| F|  |TAMS 0x0000000703a00000, 0x0000000703a00000| Untracked 
|   8|0x0000000703c00000, 0x0000000703c00000, 0x0000000703e00000|  0%| F|  |TAMS 0x0000000703c00000, 0x0000000703c00000| Untracked 
|   9|0x0000000703e00000, 0x0000000703e00000, 0x0000000704000000|  0%| F|  |TAMS 0x0000000703e00000, 0x0000000703e00000| Untracked 
|  10|0x0000000704000000, 0x0000000704000000, 0x0000000704200000|  0%| F|  |TAMS 0x0000000704000000, 0x0000000704000000| Untracked 
|  11|0x0000000704200000, 0x0000000704200000, 0x0000000704400000|  0%| F|  |TAMS 0x0000000704200000, 0x0000000704200000| Untracked 
|  12|0x0000000704400000, 0x0000000704400000, 0x0000000704600000|  0%| F|  |TAMS 0x0000000704400000, 0x0000000704400000| Untracked 
|  13|0x0000000704600000, 0x0000000704600000, 0x0000000704800000|  0%| F|  |TAMS 0x0000000704600000, 0x0000000704600000| Untracked 
|  14|0x0000000704800000, 0x0000000704800000, 0x0000000704a00000|  0%| F|  |TAMS 0x0000000704800000, 0x0000000704800000| Untracked 
|  15|0x0000000704a00000, 0x0000000704a00000, 0x0000000704c00000|  0%| F|  |TAMS 0x0000000704a00000, 0x0000000704a00000| Untracked 
|  16|0x0000000704c00000, 0x0000000704c00000, 0x0000000704e00000|  0%| F|  |TAMS 0x0000000704c00000, 0x0000000704c00000| Untracked 
|  17|0x0000000704e00000, 0x0000000704e00000, 0x0000000705000000|  0%| F|  |TAMS 0x0000000704e00000, 0x0000000704e00000| Untracked 
|  18|0x0000000705000000, 0x0000000705000000, 0x0000000705200000|  0%| F|  |TAMS 0x0000000705000000, 0x0000000705000000| Untracked 
|  19|0x0000000705200000, 0x0000000705200000, 0x0000000705400000|  0%| F|  |TAMS 0x0000000705200000, 0x0000000705200000| Untracked 
|  20|0x0000000705400000, 0x0000000705400000, 0x0000000705600000|  0%| F|  |TAMS 0x0000000705400000, 0x0000000705400000| Untracked 
|  21|0x0000000705600000, 0x0000000705600000, 0x0000000705800000|  0%| F|  |TAMS 0x0000000705600000, 0x0000000705600000| Untracked 
|  22|0x0000000705800000, 0x0000000705800000, 0x0000000705a00000|  0%| F|  |TAMS 0x0000000705800000, 0x0000000705800000| Untracked 
|  23|0x0000000705a00000, 0x0000000705a00000, 0x0000000705c00000|  0%| F|  |TAMS 0x0000000705a00000, 0x0000000705a00000| Untracked 
|  24|0x0000000705c00000, 0x0000000705c00000, 0x0000000705e00000|  0%| F|  |TAMS 0x0000000705c00000, 0x0000000705c00000| Untracked 
|  25|0x0000000705e00000, 0x0000000705e00000, 0x0000000706000000|  0%| F|  |TAMS 0x0000000705e00000, 0x0000000705e00000| Untracked 
|  26|0x0000000706000000, 0x0000000706000000, 0x0000000706200000|  0%| F|  |TAMS 0x0000000706000000, 0x0000000706000000| Untracked 
|  27|0x0000000706200000, 0x0000000706200000, 0x0000000706400000|  0%| F|  |TAMS 0x0000000706200000, 0x0000000706200000| Untracked 
|  28|0x0000000706400000, 0x0000000706400000, 0x0000000706600000|  0%| F|  |TAMS 0x0000000706400000, 0x0000000706400000| Untracked 
|  29|0x0000000706600000, 0x0000000706600000, 0x0000000706800000|  0%| F|  |TAMS 0x0000000706600000, 0x0000000706600000| Untracked 
|  30|0x0000000706800000, 0x0000000706800000, 0x0000000706a00000|  0%| F|  |TAMS 0x0000000706800000, 0x0000000706800000| Untracked 
|  31|0x0000000706a00000, 0x0000000706a00000, 0x0000000706c00000|  0%| F|  |TAMS 0x0000000706a00000, 0x0000000706a00000| Untracked 
|  32|0x0000000706c00000, 0x0000000706c00000, 0x0000000706e00000|  0%| F|  |TAMS 0x0000000706c00000, 0x0000000706c00000| Untracked 
|  33|0x0000000706e00000, 0x0000000706e00000, 0x0000000707000000|  0%| F|  |TAMS 0x0000000706e00000, 0x0000000706e00000| Untracked 
|  34|0x0000000707000000, 0x0000000707000000, 0x0000000707200000|  0%| F|  |TAMS 0x0000000707000000, 0x0000000707000000| Untracked 
|  35|0x0000000707200000, 0x0000000707200000, 0x0000000707400000|  0%| F|  |TAMS 0x0000000707200000, 0x0000000707200000| Untracked 
|  36|0x0000000707400000, 0x0000000707400000, 0x0000000707600000|  0%| F|  |TAMS 0x0000000707400000, 0x0000000707400000| Untracked 
|  37|0x0000000707600000, 0x0000000707600000, 0x0000000707800000|  0%| F|  |TAMS 0x0000000707600000, 0x0000000707600000| Untracked 
|  38|0x0000000707800000, 0x0000000707800000, 0x0000000707a00000|  0%| F|  |TAMS 0x0000000707800000, 0x0000000707800000| Untracked 
|  39|0x0000000707a00000, 0x0000000707a00000, 0x0000000707c00000|  0%| F|  |TAMS 0x0000000707a00000, 0x0000000707a00000| Untracked 
|  40|0x0000000707c00000, 0x0000000707c00000, 0x0000000707e00000|  0%| F|  |TAMS 0x0000000707c00000, 0x0000000707c00000| Untracked 
|  41|0x0000000707e00000, 0x0000000707e00000, 0x0000000708000000|  0%| F|  |TAMS 0x0000000707e00000, 0x0000000707e00000| Untracked 
|  42|0x0000000708000000, 0x0000000708000000, 0x0000000708200000|  0%| F|  |TAMS 0x0000000708000000, 0x0000000708000000| Untracked 
|  43|0x0000000708200000, 0x0000000708200000, 0x0000000708400000|  0%| F|  |TAMS 0x0000000708200000, 0x0000000708200000| Untracked 
|  44|0x0000000708400000, 0x0000000708400000, 0x0000000708600000|  0%| F|  |TAMS 0x0000000708400000, 0x0000000708400000| Untracked 
|  45|0x0000000708600000, 0x0000000708600000, 0x0000000708800000|  0%| F|  |TAMS 0x0000000708600000, 0x0000000708600000| Untracked 
|  46|0x0000000708800000, 0x0000000708800000, 0x0000000708a00000|  0%| F|  |TAMS 0x0000000708800000, 0x0000000708800000| Untracked 
|  47|0x0000000708a00000, 0x0000000708a00000, 0x0000000708c00000|  0%| F|  |TAMS 0x0000000708a00000, 0x0000000708a00000| Untracked 
|  48|0x0000000708c00000, 0x0000000708c00000, 0x0000000708e00000|  0%| F|  |TAMS 0x0000000708c00000, 0x0000000708c00000| Untracked 
|  49|0x0000000708e00000, 0x0000000708e00000, 0x0000000709000000|  0%| F|  |TAMS 0x0000000708e00000, 0x0000000708e00000| Untracked 
|  50|0x0000000709000000, 0x0000000709000000, 0x0000000709200000|  0%| F|  |TAMS 0x0000000709000000, 0x0000000709000000| Untracked 
|  51|0x0000000709200000, 0x0000000709200000, 0x0000000709400000|  0%| F|  |TAMS 0x0000000709200000, 0x0000000709200000| Untracked 
|  52|0x0000000709400000, 0x0000000709400000, 0x0000000709600000|  0%| F|  |TAMS 0x0000000709400000, 0x0000000709400000| Untracked 
|  53|0x0000000709600000, 0x0000000709600000, 0x0000000709800000|  0%| F|  |TAMS 0x0000000709600000, 0x0000000709600000| Untracked 
|  54|0x0000000709800000, 0x0000000709800000, 0x0000000709a00000|  0%| F|  |TAMS 0x0000000709800000, 0x0000000709800000| Untracked 
|  55|0x0000000709a00000, 0x0000000709a00000, 0x0000000709c00000|  0%| F|  |TAMS 0x0000000709a00000, 0x0000000709a00000| Untracked 
|  56|0x0000000709c00000, 0x0000000709c00000, 0x0000000709e00000|  0%| F|  |TAMS 0x0000000709c00000, 0x0000000709c00000| Untracked 
|  57|0x0000000709e00000, 0x0000000709e00000, 0x000000070a000000|  0%| F|  |TAMS 0x0000000709e00000, 0x0000000709e00000| Untracked 
|  58|0x000000070a000000, 0x000000070a000000, 0x000000070a200000|  0%| F|  |TAMS 0x000000070a000000, 0x000000070a000000| Untracked 
|  59|0x000000070a200000, 0x000000070a200000, 0x000000070a400000|  0%| F|  |TAMS 0x000000070a200000, 0x000000070a200000| Untracked 
|  60|0x000000070a400000, 0x000000070a400000, 0x000000070a600000|  0%| F|  |TAMS 0x000000070a400000, 0x000000070a400000| Untracked 
|  61|0x000000070a600000, 0x000000070a600000, 0x000000070a800000|  0%| F|  |TAMS 0x000000070a600000, 0x000000070a600000| Untracked 
|  62|0x000000070a800000, 0x000000070a800000, 0x000000070aa00000|  0%| F|  |TAMS 0x000000070a800000, 0x000000070a800000| Untracked 
|  63|0x000000070aa00000, 0x000000070aa00000, 0x000000070ac00000|  0%| F|  |TAMS 0x000000070aa00000, 0x000000070aa00000| Untracked 
|  64|0x000000070ac00000, 0x000000070ac00000, 0x000000070ae00000|  0%| F|  |TAMS 0x000000070ac00000, 0x000000070ac00000| Untracked 
|  65|0x000000070ae00000, 0x000000070ae00000, 0x000000070b000000|  0%| F|  |TAMS 0x000000070ae00000, 0x000000070ae00000| Untracked 
|  66|0x000000070b000000, 0x000000070b000000, 0x000000070b200000|  0%| F|  |TAMS 0x000000070b000000, 0x000000070b000000| Untracked 
|  67|0x000000070b200000, 0x000000070b200000, 0x000000070b400000|  0%| F|  |TAMS 0x000000070b200000, 0x000000070b200000| Untracked 
|  68|0x000000070b400000, 0x000000070b400000, 0x000000070b600000|  0%| F|  |TAMS 0x000000070b400000, 0x000000070b400000| Untracked 
|  69|0x000000070b600000, 0x000000070b600000, 0x000000070b800000|  0%| F|  |TAMS 0x000000070b600000, 0x000000070b600000| Untracked 
|  70|0x000000070b800000, 0x000000070b800000, 0x000000070ba00000|  0%| F|  |TAMS 0x000000070b800000, 0x000000070b800000| Untracked 
|  71|0x000000070ba00000, 0x000000070ba00000, 0x000000070bc00000|  0%| F|  |TAMS 0x000000070ba00000, 0x000000070ba00000| Untracked 
|  72|0x000000070bc00000, 0x000000070bc00000, 0x000000070be00000|  0%| F|  |TAMS 0x000000070bc00000, 0x000000070bc00000| Untracked 
|  73|0x000000070be00000, 0x000000070be00000, 0x000000070c000000|  0%| F|  |TAMS 0x000000070be00000, 0x000000070be00000| Untracked 
|  74|0x000000070c000000, 0x000000070c000000, 0x000000070c200000|  0%| F|  |TAMS 0x000000070c000000, 0x000000070c000000| Untracked 
|  75|0x000000070c200000, 0x000000070c200000, 0x000000070c400000|  0%| F|  |TAMS 0x000000070c200000, 0x000000070c200000| Untracked 
|  76|0x000000070c400000, 0x000000070c400000, 0x000000070c600000|  0%| F|  |TAMS 0x000000070c400000, 0x000000070c400000| Untracked 
|  77|0x000000070c600000, 0x000000070c600000, 0x000000070c800000|  0%| F|  |TAMS 0x000000070c600000, 0x000000070c600000| Untracked 
|  78|0x000000070c800000, 0x000000070c800000, 0x000000070ca00000|  0%| F|  |TAMS 0x000000070c800000, 0x000000070c800000| Untracked 
|  79|0x000000070ca00000, 0x000000070ca00000, 0x000000070cc00000|  0%| F|  |TAMS 0x000000070ca00000, 0x000000070ca00000| Untracked 
|  80|0x000000070cc00000, 0x000000070cc00000, 0x000000070ce00000|  0%| F|  |TAMS 0x000000070cc00000, 0x000000070cc00000| Untracked 
|  81|0x000000070ce00000, 0x000000070ce00000, 0x000000070d000000|  0%| F|  |TAMS 0x000000070ce00000, 0x000000070ce00000| Untracked 
|  82|0x000000070d000000, 0x000000070d000000, 0x000000070d200000|  0%| F|  |TAMS 0x000000070d000000, 0x000000070d000000| Untracked 
|  83|0x000000070d200000, 0x000000070d200000, 0x000000070d400000|  0%| F|  |TAMS 0x000000070d200000, 0x000000070d200000| Untracked 
|  84|0x000000070d400000, 0x000000070d400000, 0x000000070d600000|  0%| F|  |TAMS 0x000000070d400000, 0x000000070d400000| Untracked 
|  85|0x000000070d600000, 0x000000070d600000, 0x000000070d800000|  0%| F|  |TAMS 0x000000070d600000, 0x000000070d600000| Untracked 
|  86|0x000000070d800000, 0x000000070d800000, 0x000000070da00000|  0%| F|  |TAMS 0x000000070d800000, 0x000000070d800000| Untracked 
|  87|0x000000070da00000, 0x000000070da00000, 0x000000070dc00000|  0%| F|  |TAMS 0x000000070da00000, 0x000000070da00000| Untracked 
|  88|0x000000070dc00000, 0x000000070dc00000, 0x000000070de00000|  0%| F|  |TAMS 0x000000070dc00000, 0x000000070dc00000| Untracked 
|  89|0x000000070de00000, 0x000000070de00000, 0x000000070e000000|  0%| F|  |TAMS 0x000000070de00000, 0x000000070de00000| Untracked 
|  90|0x000000070e000000, 0x000000070e000000, 0x000000070e200000|  0%| F|  |TAMS 0x000000070e000000, 0x000000070e000000| Untracked 
|  91|0x000000070e200000, 0x000000070e200000, 0x000000070e400000|  0%| F|  |TAMS 0x000000070e200000, 0x000000070e200000| Untracked 
|  92|0x000000070e400000, 0x000000070e400000, 0x000000070e600000|  0%| F|  |TAMS 0x000000070e400000, 0x000000070e400000| Untracked 
|  93|0x000000070e600000, 0x000000070e600000, 0x000000070e800000|  0%| F|  |TAMS 0x000000070e600000, 0x000000070e600000| Untracked 
|  94|0x000000070e800000, 0x000000070e800000, 0x000000070ea00000|  0%| F|  |TAMS 0x000000070e800000, 0x000000070e800000| Untracked 
|  95|0x000000070ea00000, 0x000000070ea00000, 0x000000070ec00000|  0%| F|  |TAMS 0x000000070ea00000, 0x000000070ea00000| Untracked 
|  96|0x000000070ec00000, 0x000000070ec00000, 0x000000070ee00000|  0%| F|  |TAMS 0x000000070ec00000, 0x000000070ec00000| Untracked 
|  97|0x000000070ee00000, 0x000000070ee00000, 0x000000070f000000|  0%| F|  |TAMS 0x000000070ee00000, 0x000000070ee00000| Untracked 
|  98|0x000000070f000000, 0x000000070f000000, 0x000000070f200000|  0%| F|  |TAMS 0x000000070f000000, 0x000000070f000000| Untracked 
|  99|0x000000070f200000, 0x000000070f200000, 0x000000070f400000|  0%| F|  |TAMS 0x000000070f200000, 0x000000070f200000| Untracked 
| 100|0x000000070f400000, 0x000000070f400000, 0x000000070f600000|  0%| F|  |TAMS 0x000000070f400000, 0x000000070f400000| Untracked 
| 101|0x000000070f600000, 0x000000070f600000, 0x000000070f800000|  0%| F|  |TAMS 0x000000070f600000, 0x000000070f600000| Untracked 
| 102|0x000000070f800000, 0x000000070f800000, 0x000000070fa00000|  0%| F|  |TAMS 0x000000070f800000, 0x000000070f800000| Untracked 
| 103|0x000000070fa00000, 0x000000070fa00000, 0x000000070fc00000|  0%| F|  |TAMS 0x000000070fa00000, 0x000000070fa00000| Untracked 
| 104|0x000000070fc00000, 0x000000070fc00000, 0x000000070fe00000|  0%| F|  |TAMS 0x000000070fc00000, 0x000000070fc00000| Untracked 
| 105|0x000000070fe00000, 0x000000070fe00000, 0x0000000710000000|  0%| F|  |TAMS 0x000000070fe00000, 0x000000070fe00000| Untracked 
| 106|0x0000000710000000, 0x0000000710000000, 0x0000000710200000|  0%| F|  |TAMS 0x0000000710000000, 0x0000000710000000| Untracked 
| 107|0x0000000710200000, 0x0000000710200000, 0x0000000710400000|  0%| F|  |TAMS 0x0000000710200000, 0x0000000710200000| Untracked 
| 108|0x0000000710400000, 0x0000000710400000, 0x0000000710600000|  0%| F|  |TAMS 0x0000000710400000, 0x0000000710400000| Untracked 
| 109|0x0000000710600000, 0x0000000710600000, 0x0000000710800000|  0%| F|  |TAMS 0x0000000710600000, 0x0000000710600000| Untracked 
| 110|0x0000000710800000, 0x0000000710800000, 0x0000000710a00000|  0%| F|  |TAMS 0x0000000710800000, 0x0000000710800000| Untracked 
| 111|0x0000000710a00000, 0x0000000710a00000, 0x0000000710c00000|  0%| F|  |TAMS 0x0000000710a00000, 0x0000000710a00000| Untracked 
| 112|0x0000000710c00000, 0x0000000710c00000, 0x0000000710e00000|  0%| F|  |TAMS 0x0000000710c00000, 0x0000000710c00000| Untracked 
| 113|0x0000000710e00000, 0x0000000710e00000, 0x0000000711000000|  0%| F|  |TAMS 0x0000000710e00000, 0x0000000710e00000| Untracked 
| 114|0x0000000711000000, 0x0000000711000000, 0x0000000711200000|  0%| F|  |TAMS 0x0000000711000000, 0x0000000711000000| Untracked 
| 115|0x0000000711200000, 0x0000000711200000, 0x0000000711400000|  0%| F|  |TAMS 0x0000000711200000, 0x0000000711200000| Untracked 
| 116|0x0000000711400000, 0x0000000711400000, 0x0000000711600000|  0%| F|  |TAMS 0x0000000711400000, 0x0000000711400000| Untracked 
| 117|0x0000000711600000, 0x0000000711600000, 0x0000000711800000|  0%| F|  |TAMS 0x0000000711600000, 0x0000000711600000| Untracked 
| 118|0x0000000711800000, 0x0000000711800000, 0x0000000711a00000|  0%| F|  |TAMS 0x0000000711800000, 0x0000000711800000| Untracked 
| 119|0x0000000711a00000, 0x0000000711a00000, 0x0000000711c00000|  0%| F|  |TAMS 0x0000000711a00000, 0x0000000711a00000| Untracked 
| 120|0x0000000711c00000, 0x0000000711c00000, 0x0000000711e00000|  0%| F|  |TAMS 0x0000000711c00000, 0x0000000711c00000| Untracked 
| 121|0x0000000711e00000, 0x0000000711e00000, 0x0000000712000000|  0%| F|  |TAMS 0x0000000711e00000, 0x0000000711e00000| Untracked 
| 122|0x0000000712000000, 0x0000000712000000, 0x0000000712200000|  0%| F|  |TAMS 0x0000000712000000, 0x0000000712000000| Untracked 
| 123|0x0000000712200000, 0x0000000712200000, 0x0000000712400000|  0%| F|  |TAMS 0x0000000712200000, 0x0000000712200000| Untracked 
| 124|0x0000000712400000, 0x0000000712559bb0, 0x0000000712600000| 67%| E|  |TAMS 0x0000000712400000, 0x0000000712400000| Complete 
| 125|0x0000000712600000, 0x0000000712800000, 0x0000000712800000|100%| E|CS|TAMS 0x0000000712600000, 0x0000000712600000| Complete 
| 126|0x0000000712800000, 0x0000000712a00000, 0x0000000712a00000|100%| E|CS|TAMS 0x0000000712800000, 0x0000000712800000| Complete 

Card table byte_map: [0x00000140f40d0000,0x00000140f48c0000] _byte_map_base: 0x00000140f08ba000

Marking Bits (Prev, Next): (CMBitMap*) 0x00000140dbe762c0, (CMBitMap*) 0x00000140dbe76300
 Prev Bits: [0x00000140f50b0000, 0x00000140f9000000)
 Next Bits: [0x00000140f9000000, 0x00000140fcf50000)

Polling page: 0x00000140d9e10000

Metaspace:

Usage:
  Non-class:      4.46 MB capacity,     2.97 MB ( 67%) used,     1.48 MB ( 33%) free+waste,     4.81 KB ( <1%) overhead. 
      Class:    450.00 KB capacity,   297.02 KB ( 66%) used,   150.86 KB ( 34%) free+waste,     2.12 KB ( <1%) overhead. 
       Both:      4.89 MB capacity,     3.26 MB ( 67%) used,     1.63 MB ( 33%) free+waste,     6.94 KB ( <1%) overhead. 

Virtual space:
  Non-class space:        8.00 MB reserved,       4.50 MB ( 56%) committed 
      Class space:        1.00 GB reserved,     512.00 KB ( <1%) committed 
             Both:        1.01 GB reserved,       5.00 MB ( <1%) committed 

Chunk freelists:
   Non-Class:  46.00 KB
       Class:  0 bytes
        Both:  46.00 KB

MaxMetaspaceSize: 17179869184.00 GB
CompressedClassSpaceSize: 1.00 GB

CodeHeap 'non-profiled nmethods': size=119168Kb used=134Kb max_used=134Kb free=119033Kb
 bounds [0x00000140ebbf0000, 0x00000140ebe60000, 0x00000140f3050000]
CodeHeap 'profiled nmethods': size=119104Kb used=603Kb max_used=603Kb free=118500Kb
 bounds [0x00000140e47a0000, 0x00000140e4a10000, 0x00000140ebbf0000]
CodeHeap 'non-nmethods': size=7488Kb used=2335Kb max_used=2345Kb free=5152Kb
 bounds [0x00000140e4050000, 0x00000140e42c0000, 0x00000140e47a0000]
 total_blobs=916 nmethods=435 adapters=392
 compilation: enabled
              stopped_count=0, restarted_count=0
 full_count=0

Compilation events (20 events):
Event: 0.630 Thread 0x00000140808315c0 nmethod 426 0x00000140e4831d90 code [0x00000140e4831f20, 0x00000140e4832018]
Event: 0.630 Thread 0x000001408093c0c0  427       1       java.net.URL::getProtocol (5 bytes)
Event: 0.630 Thread 0x000001408093e8e0 nmethod 425 0x00000140e4832090 code [0x00000140e48322a0, 0x00000140e4832b38]
Event: 0.630 Thread 0x000001408093c0c0 nmethod 427 0x00000140ebc11590 code [0x00000140ebc11720, 0x00000140ebc117d8]
Event: 0.630 Thread 0x000001408093c0c0  428       3       java.lang.String::startsWith (138 bytes)
Event: 0.630 Thread 0x00000140808315c0  429       3       java.lang.StringLatin1::indexOf (121 bytes)
Event: 0.630 Thread 0x000001408093e8e0  430       3       java.lang.String::checkBoundsOffCount (64 bytes)
Event: 0.630 Thread 0x000001408093c0c0 nmethod 428 0x00000140e4832d90 code [0x00000140e4832fa0, 0x00000140e48337b8]
Event: 0.630 Thread 0x000001408093c0c0  431       3       java.lang.String::lastIndexOf (29 bytes)
Event: 0.631 Thread 0x000001408093c0c0 nmethod 431 0x00000140e4833a90 code [0x00000140e4833c60, 0x00000140e4833ef8]
Event: 0.631 Thread 0x000001408093c0c0  432       3       java.nio.ByteBuffer::position (8 bytes)
Event: 0.631 Thread 0x000001408093c0c0 nmethod 432 0x00000140e4834010 code [0x00000140e48341c0, 0x00000140e4834308]
Event: 0.631 Thread 0x00000140808315c0 nmethod 429 0x00000140e4834390 code [0x00000140e4834560, 0x00000140e4834a38]
Event: 0.631 Thread 0x000001408093e8e0 nmethod 430 0x00000140e4834c90 code [0x00000140e4834f20, 0x00000140e4835818]
Event: 0.631 Thread 0x000001408093e8e0  433       3       java.lang.String::lastIndexOf (12 bytes)
Event: 0.631 Thread 0x000001408093c0c0  434       3       java.lang.String::startsWith (7 bytes)
Event: 0.631 Thread 0x000001408093c0c0 nmethod 434 0x00000140e4835b90 code [0x00000140e4835d40, 0x00000140e4835e88]
Event: 0.631 Thread 0x000001408093e8e0 nmethod 433 0x00000140e4835f10 code [0x00000140e4836100, 0x00000140e48364f8]
Event: 0.633 Thread 0x000001408093c0c0  435       3       java.lang.String::replace (42 bytes)
Event: 0.633 Thread 0x000001408093c0c0 nmethod 435 0x00000140e4836690 code [0x00000140e4836860, 0x00000140e4836b78]

GC Heap History (0 events):
No events

Deoptimization events (8 events):
Event: 0.083 Thread 0x00000140dbe21930 Uncommon trap: trap_request=0xffffff45 fr.pc=0x00000140ebbf6cd8 relative=0x0000000000000058
Event: 0.083 Thread 0x00000140dbe21930 Uncommon trap: reason=unstable_if action=reinterpret pc=0x00000140ebbf6cd8 method=java.lang.String.isLatin1()Z @ 10 c2
Event: 0.083 Thread 0x00000140dbe21930 DEOPT PACKING pc=0x00000140ebbf6cd8 sp=0x0000002ef6cfcbb0
Event: 0.083 Thread 0x00000140dbe21930 DEOPT UNPACKING pc=0x00000140e409e42f sp=0x0000002ef6cfcb40 mode 2
Event: 0.099 Thread 0x00000140dbe21930 Uncommon trap: trap_request=0xffffff45 fr.pc=0x00000140ebbfe5a0 relative=0x0000000000000080
Event: 0.099 Thread 0x00000140dbe21930 Uncommon trap: reason=unstable_if action=reinterpret pc=0x00000140ebbfe5a0 method=java.lang.String.charAt(I)C @ 4 c2
Event: 0.099 Thread 0x00000140dbe21930 DEOPT PACKING pc=0x00000140ebbfe5a0 sp=0x0000002ef6cff100
Event: 0.099 Thread 0x00000140dbe21930 DEOPT UNPACKING pc=0x00000140e409e42f sp=0x0000002ef6cff0a0 mode 2

Classes unloaded (0 events):
No events

Classes redefined (0 events):
No events

Internal exceptions (7 events):
Event: 0.103 Thread 0x0000014080a378e0 Exception <a 'java/lang/NoSuchMethodError'{0x00000007126ebb48}: 'java.lang.Object java.lang.invoke.DirectMethodHandle$Holder.invokeStatic(java.lang.Object)'> (0x00000007126ebb48) 
thrown [./open/src/hotspot/share/interpreter/linkResolver.cpp, line 782]
Event: 0.104 Thread 0x0000014080a378e0 Exception <a 'java/lang/NoSuchMethodError'{0x00000007126ef458}: 'java.lang.Object java.lang.invoke.DirectMethodHandle$Holder.invokeStaticInit(java.lang.Object)'> (0x00000007126ef458) 
thrown [./open/src/hotspot/share/interpreter/linkResolver.cpp, line 782]
Event: 0.110 Thread 0x0000014080a378e0 Exception <a 'java/lang/NoSuchMethodError'{0x00000007126fc818}: 'void java.lang.invoke.DirectMethodHandle$Holder.invokeStatic(java.lang.Object, java.lang.Object)'> (0x00000007126fc818) 
thrown [./open/src/hotspot/share/interpreter/linkResolver.cpp, line 782]
Event: 0.120 Thread 0x00000140dbe21930 Exception <a 'java/lang/ClassNotFoundException'{0x000000071266d798}: sun/awt/resources/spi/awtProvider> (0x000000071266d798) 
thrown [./open/src/hotspot/share/classfile/systemDictionary.cpp, line 295]
Event: 0.144 Thread 0x00000140dbe21930 Exception <a 'java/io/FileNotFoundException'{0x00000007127cc6d8}> (0x00000007127cc6d8) 
thrown [./open/src/hotspot/share/prims/jni.cpp, line 578]
Event: 0.152 Thread 0x00000140dbe21930 Exception <a 'java/io/FileNotFoundException'{0x00000007127fb148}> (0x00000007127fb148) 
thrown [./open/src/hotspot/share/prims/jni.cpp, line 578]
Event: 0.155 Thread 0x00000140dbe21930 Exception <a 'java/lang/NoSuchMethodError'{0x0000000712400e78}: 'void java.lang.invoke.DirectMethodHandle$Holder.invokeSpecial(java.lang.Object, java.lang.Object, java.lang.Object)'> (0x0000000712400e78) 
thrown [./open/src/hotspot/share/interpreter/linkResolver.cpp, line 782]

Events (20 events):
Event: 0.427 loading class sun/java2d/d3d/D3DGraphicsDevice$1Result done
Event: 0.427 loading class sun/java2d/d3d/D3DGraphicsDevice$1
Event: 0.427 loading class sun/java2d/d3d/D3DGraphicsDevice$1 done
Event: 0.427 Thread 0x00000140809acf30 Thread exited: 0x00000140809acf30
Event: 0.427 loading class sun/java2d/d3d/D3DContext$D3DContextCaps
Event: 0.427 loading class sun/java2d/pipe/hw/ContextCapabilities
Event: 0.428 loading class sun/java2d/pipe/hw/ContextCapabilities done
Event: 0.428 loading class sun/java2d/d3d/D3DContext$D3DContextCaps done
Event: 0.627 loading class sun/java2d/d3d/D3DContext
Event: 0.627 loading class sun/java2d/pipe/BufferedContext
Event: 0.627 loading class sun/java2d/pipe/BufferedContext done
Event: 0.627 loading class sun/java2d/d3d/D3DContext done
Event: 0.627 loading class java/awt/DisplayMode
Event: 0.627 loading class java/awt/DisplayMode done
Event: 0.627 loading class java/awt/Dimension
Event: 0.627 loading class java/awt/geom/Dimension2D
Event: 0.627 loading class java/awt/geom/Dimension2D done
Event: 0.627 loading class java/awt/Dimension done
Event: 0.629 Loaded shared library C:\Users\antoi\.jdks\openjdk-15.0.1\bin\verify.dll
Event: 0.635 Loaded shared library C:\Users\antoi\.jssc\windows\jSSC-2.8_x86_64.dll


Dynamic libraries:
0x00007ff751760000 - 0x00007ff75176d000 	C:\Users\antoi\.jdks\openjdk-15.0.1\bin\java.exe
0x00007ffe42470000 - 0x00007ffe42666000 	C:\WINDOWS\SYSTEM32\ntdll.dll
0x00007ffe422f0000 - 0x00007ffe423ad000 	C:\WINDOWS\System32\KERNEL32.DLL
0x00007ffe40130000 - 0x00007ffe403f8000 	C:\WINDOWS\System32\KERNELBASE.dll
0x00007ffe3fed0000 - 0x00007ffe3ffd0000 	C:\WINDOWS\System32\ucrtbase.dll
0x00007ffe28810000 - 0x00007ffe28829000 	C:\Users\antoi\.jdks\openjdk-15.0.1\bin\VCRUNTIME140.dll
0x00007ffe28ab0000 - 0x00007ffe28ac8000 	C:\Users\antoi\.jdks\openjdk-15.0.1\bin\jli.dll
0x00007ffe415a0000 - 0x00007ffe41740000 	C:\WINDOWS\System32\USER32.dll
0x00007ffe3fbc0000 - 0x00007ffe3fbe2000 	C:\WINDOWS\System32\win32u.dll
0x00007ffe40a60000 - 0x00007ffe40a8a000 	C:\WINDOWS\System32\GDI32.dll
0x00007ffe2ae40000 - 0x00007ffe2b0db000 	C:\WINDOWS\WinSxS\amd64_microsoft.windows.common-controls_6595b64144ccf1df_6.0.19041.488_none_ca04af081b815d21\COMCTL32.dll
0x00007ffe3fbf0000 - 0x00007ffe3fcf9000 	C:\WINDOWS\System32\gdi32full.dll
0x00007ffe40720000 - 0x00007ffe407be000 	C:\WINDOWS\System32\msvcrt.dll
0x00007ffe3fd00000 - 0x00007ffe3fd9d000 	C:\WINDOWS\System32\msvcp_win.dll
0x00007ffe405d0000 - 0x00007ffe40600000 	C:\WINDOWS\System32\IMM32.DLL
0x00007ffe340f0000 - 0x00007ffe340fc000 	C:\Users\antoi\.jdks\openjdk-15.0.1\bin\vcruntime140_1.dll
0x00007ffdea500000 - 0x00007ffdea591000 	C:\Users\antoi\.jdks\openjdk-15.0.1\bin\msvcp140.dll
0x00007ffdb01d0000 - 0x00007ffdb0d2e000 	C:\Users\antoi\.jdks\openjdk-15.0.1\bin\server\jvm.dll
0x00007ffe407c0000 - 0x00007ffe4086a000 	C:\WINDOWS\System32\ADVAPI32.dll
0x00007ffe42120000 - 0x00007ffe421bb000 	C:\WINDOWS\System32\sechost.dll
0x00007ffe41380000 - 0x00007ffe414a4000 	C:\WINDOWS\System32\RPCRT4.dll
0x00007ffe422e0000 - 0x00007ffe422e8000 	C:\WINDOWS\System32\PSAPI.DLL
0x00007ffe310a0000 - 0x00007ffe310a9000 	C:\WINDOWS\SYSTEM32\WSOCK32.dll
0x00007ffe2a050000 - 0x00007ffe2a077000 	C:\WINDOWS\SYSTEM32\WINMM.dll
0x00007ffe386c0000 - 0x00007ffe386ca000 	C:\WINDOWS\SYSTEM32\VERSION.dll
0x00007ffe421c0000 - 0x00007ffe4222b000 	C:\WINDOWS\System32\WS2_32.dll
0x00007ffe3db10000 - 0x00007ffe3db22000 	C:\WINDOWS\SYSTEM32\kernel.appcore.dll
0x00007ffe28f70000 - 0x00007ffe28f7a000 	C:\Users\antoi\.jdks\openjdk-15.0.1\bin\jimage.dll
0x00007ffe2c560000 - 0x00007ffe2c744000 	C:\WINDOWS\SYSTEM32\DBGHELP.DLL
0x00007ffe2de20000 - 0x00007ffe2de4c000 	C:\WINDOWS\SYSTEM32\dbgcore.DLL
0x00007ffe40460000 - 0x00007ffe404df000 	C:\WINDOWS\System32\bcryptPrimitives.dll
0x00007ffe28d10000 - 0x00007ffe28d1e000 	C:\Users\antoi\.jdks\openjdk-15.0.1\bin\instrument.dll
0x00007ffe222c0000 - 0x00007ffe222e5000 	C:\Users\antoi\.jdks\openjdk-15.0.1\bin\java.dll
0x00007ffe40a90000 - 0x00007ffe411d0000 	C:\WINDOWS\System32\SHELL32.dll
0x00007ffe3dd10000 - 0x00007ffe3e4a4000 	C:\WINDOWS\SYSTEM32\windows.storage.dll
0x00007ffe41bc0000 - 0x00007ffe41f15000 	C:\WINDOWS\System32\combase.dll
0x00007ffe3f630000 - 0x00007ffe3f65c000 	C:\WINDOWS\SYSTEM32\Wldp.dll
0x00007ffe40870000 - 0x00007ffe4091e000 	C:\WINDOWS\System32\SHCORE.dll
0x00007ffe41540000 - 0x00007ffe41595000 	C:\WINDOWS\System32\shlwapi.dll
0x00007ffe3faf0000 - 0x00007ffe3fb16000 	C:\WINDOWS\SYSTEM32\profapi.dll
0x00007ffe162d0000 - 0x00007ffe162e8000 	C:\Users\antoi\.jdks\openjdk-15.0.1\bin\zip.dll
0x00007ffe22270000 - 0x00007ffe22289000 	C:\Users\antoi\.jdks\openjdk-15.0.1\bin\net.dll
0x00007ffe33e40000 - 0x00007ffe33f40000 	C:\WINDOWS\SYSTEM32\WINHTTP.dll
0x00007ffe3f3b0000 - 0x00007ffe3f41a000 	C:\WINDOWS\system32\mswsock.dll
0x00007ffe22250000 - 0x00007ffe22262000 	C:\Users\antoi\.jdks\openjdk-15.0.1\bin\nio.dll
0x00007ffe16140000 - 0x00007ffe1615a000 	C:\Program Files\JetBrains\IntelliJ IDEA 2020.2.1\bin\breakgen64.dll
0x00007ffdc3d70000 - 0x00007ffdc3eef000 	C:\Users\antoi\.jdks\openjdk-15.0.1\bin\awt.dll
0x00007ffe41f20000 - 0x00007ffe41fed000 	C:\WINDOWS\System32\OLEAUT32.dll
0x00007ffe3d480000 - 0x00007ffe3d510000 	C:\WINDOWS\SYSTEM32\apphelp.dll
0x00007ffe3d5b0000 - 0x00007ffe3d64f000 	C:\WINDOWS\system32\uxtheme.dll
0x00007ffe40600000 - 0x00007ffe40715000 	C:\WINDOWS\System32\MSCTF.dll
0x00007ffe0f070000 - 0x00007ffe0f16c000 	C:\ProgramData\A-Volute\A-Volute.Nahimic\Modules\Scheduled\x64\A-Volute.NahimicDevProps2.dll
0x00007ffe41ff0000 - 0x00007ffe4211a000 	C:\WINDOWS\System32\ole32.dll
0x00007ffe0f5b0000 - 0x00007ffe0f65c000 	C:\ProgramData\A-Volute\A-Volute.Nahimic\Modules\Scheduled\x64\NahimicOSD.dll
0x00007ffe0f9d0000 - 0x00007ffe0fa27000 	C:\ProgramData\A-Volute\A-Volute.Nahimic\Modules\Scheduled\x64\ProductInfo.dll
0x00007ffe3d820000 - 0x00007ffe3d84f000 	C:\WINDOWS\system32\DWMAPI.DLL
0x00007ffe2a810000 - 0x00007ffe2a935000 	C:\WINDOWS\system32\opengl32.dll
0x00007ffe2c860000 - 0x00007ffe2c88c000 	C:\WINDOWS\SYSTEM32\GLU32.dll
0x00007ffe30530000 - 0x00007ffe306fe000 	C:\WINDOWS\system32\d3d9.dll
0x00007ffdef130000 - 0x00007ffdef294000 	C:\WINDOWS\System32\DriverStore\FileRepository\iigd_dch.inf_amd64_020c2c7d3ac4a7d3\igdumdim64.dll
0x00007ffdeb150000 - 0x00007ffdef12a000 	C:\WINDOWS\System32\DriverStore\FileRepository\iigd_dch.inf_amd64_020c2c7d3ac4a7d3\igd9dxva64.dll
0x00007ffe3fdd0000 - 0x00007ffe3fe1e000 	C:\WINDOWS\System32\CFGMGR32.dll
0x00007ffe33f40000 - 0x00007ffe340e4000 	C:\WINDOWS\System32\DriverStore\FileRepository\iigd_dch.inf_amd64_020c2c7d3ac4a7d3\igdgmm64.dll
0x00007ffdd4cb0000 - 0x00007ffdd4db2000 	C:\WINDOWS\System32\DriverStore\FileRepository\nvmisi.inf_amd64_b3c2c6091b001bcb\nvldumdx.dll
0x00000140817d0000 - 0x000001408192d000 	C:\WINDOWS\System32\crypt32.dll
0x00007ffe37520000 - 0x00007ffe37551000 	C:\WINDOWS\SYSTEM32\cryptnet.dll
0x00007ffe3f5a0000 - 0x00007ffe3f5ac000 	C:\WINDOWS\SYSTEM32\cryptbase.dll
0x00007ffe40400000 - 0x00007ffe40460000 	C:\WINDOWS\System32\WINTRUST.DLL
0x00007ffe3f7b0000 - 0x00007ffe3f7c2000 	C:\WINDOWS\SYSTEM32\MSASN1.dll
0x00007ffe42410000 - 0x00007ffe4242d000 	C:\WINDOWS\System32\imagehlp.dll
0x00007ffe3f580000 - 0x00007ffe3f598000 	C:\WINDOWS\SYSTEM32\CRYPTSP.dll
0x00007ffe3ecd0000 - 0x00007ffe3ed04000 	C:\WINDOWS\system32\rsaenh.dll
0x00007ffe3fda0000 - 0x00007ffe3fdc7000 	C:\WINDOWS\System32\bcrypt.dll
0x00007ffdd3290000 - 0x00007ffdd4caa000 	C:\WINDOWS\System32\DriverStore\FileRepository\nvmisi.inf_amd64_b3c2c6091b001bcb\nvd3dumx.dll
0x00007ffdd2900000 - 0x00007ffdd2bae000 	C:\WINDOWS\system32\nvspcap64.dll
0x00007ffe3e900000 - 0x00007ffe3e933000 	C:\WINDOWS\SYSTEM32\ntmarta.dll
0x00007ffe3e4c0000 - 0x00007ffe3e4e3000 	C:\WINDOWS\SYSTEM32\gpapi.dll
0x00007ffe360b0000 - 0x00007ffe360eb000 	C:\WINDOWS\SYSTEM32\dxcore.dll
0x00007ffe28c60000 - 0x00007ffe28c70000 	C:\Users\antoi\.jdks\openjdk-15.0.1\bin\verify.dll
0x0000000071100000 - 0x0000000071125000 	C:\Users\antoi\.jssc\windows\jSSC-2.8_x86_64.dll

dbghelp: loaded successfully - version: 4.0.5 - missing functions: none
symbol engine: initialized successfully - sym options: 0x614 - pdb path: .;C:\Users\antoi\.jdks\openjdk-15.0.1\bin;C:\WINDOWS\SYSTEM32;C:\WINDOWS\WinSxS\amd64_microsoft.windows.common-controls_6595b64144ccf1df_6.0.19041.488_none_ca04af081b815d21;C:\Users\antoi\.jdks\openjdk-15.0.1\bin\server;C:\Program Files\JetBrains\IntelliJ IDEA 2020.2.1\bin;C:\ProgramData\A-Volute\A-Volute.Nahimic\Modules\Scheduled\x64;C:\WINDOWS\System32\DriverStore\FileRepository\iigd_dch.inf_amd64_020c2c7d3ac4a7d3;C:\WINDOWS\System32\DriverStore\FileRepository\nvmisi.inf_amd64_b3c2c6091b001bcb;C:\Users\antoi\.jssc\windows

VM Arguments:
jvm_args: -javaagent:C:\Program Files\JetBrains\IntelliJ IDEA 2020.2.1\lib\idea_rt.jar=55805:C:\Program Files\JetBrains\IntelliJ IDEA 2020.2.1\bin -Dfile.encoding=UTF-8 
java_command: javamain.objects.Playfield
java_class_path (initial): C:\Users\antoi\IdeaProjects\Hackathon\out\production\Hackathon;C:\Users\antoi\Downloads\serial-3.3.7.jar;C:\Users\antoi\Documents\Creative Technology\Year 2\jssc-2.8.0.jar;C:\Users\antoi\Documents\Creative Technology\Year 2\core-3.3.6.jar
Launcher Type: SUN_STANDARD

[Global flags]
     intx CICompilerCount                          = 12                                        {product} {ergonomic}
     uint ConcGCThreads                            = 3                                         {product} {ergonomic}
     uint G1ConcRefinementThreads                  = 13                                        {product} {ergonomic}
   size_t G1HeapRegionSize                         = 2097152                                   {product} {ergonomic}
    uintx GCDrainStackTargetSize                   = 64                                        {product} {ergonomic}
   size_t InitialHeapSize                          = 266338304                                 {product} {ergonomic}
   size_t MarkStackSize                            = 4194304                                   {product} {ergonomic}
   size_t MaxHeapSize                              = 4248829952                                {product} {ergonomic}
   size_t MaxNewSize                               = 2548039680                                {product} {ergonomic}
   size_t MinHeapDeltaBytes                        = 2097152                                   {product} {ergonomic}
   size_t MinHeapSize                              = 8388608                                   {product} {ergonomic}
    uintx NonNMethodCodeHeapSize                   = 7602480                                {pd product} {ergonomic}
    uintx NonProfiledCodeHeapSize                  = 122027880                              {pd product} {ergonomic}
    uintx ProfiledCodeHeapSize                     = 122027880                              {pd product} {ergonomic}
    uintx ReservedCodeCacheSize                    = 251658240                              {pd product} {ergonomic}
     bool SegmentedCodeCache                       = true                                      {product} {ergonomic}
   size_t SoftMaxHeapSize                          = 4248829952                             {manageable} {ergonomic}
     bool UseCompressedClassPointers               = true                                 {lp64_product} {ergonomic}
     bool UseCompressedOops                        = true                                 {lp64_product} {ergonomic}
     bool UseG1GC                                  = true                                      {product} {ergonomic}
     bool UseLargePagesIndividualAllocation        = false                                  {pd product} {ergonomic}

Logging:
Log output configuration:
 #0: stdout all=warning uptime,level,tags
 #1: stderr all=off uptime,level,tags

Environment Variables:
PATH=C:\Program Files (x86)\Common Files\Oracle\Java\javapath;C:\Program Files (x86)\Common Files\Intel\Shared Libraries\redist\intel64\compiler;C:\Windows\system32;C:\Windows;C:\Windows\System32\Wbem;C:\Windows\System32\WindowsPowerShell\v1.0\;C:\Windows\System32\OpenSSH\;C:\Program Files (x86)\NVIDIA Corporation\PhysX\Common;C:\Program Files\NVIDIA Corporation\NVIDIA NvDLISR;C:\Program Files\Adobe\Common\Plug-ins\7.0\MediaCore\zrawimporter;C:\WINDOWS\system32;C:\WINDOWS;C:\WINDOWS\System32\Wbem;C:\WINDOWS\System32\WindowsPowerShell\v1.0\;C:\WINDOWS\System32\OpenSSH\;C:\Program Files\Git\cmd;C:\Windows\SysWOW64\rxtxSerial.dll;C:\Users\antoi\AppData\Local\Microsoft\WindowsApps;;C:\Program Files\JetBrains\WebStorm 2020.2.1\bin;;C:\Program Files\JetBrains\IntelliJ IDEA 2020.2.1\bin;;C:\Program Files\JetBrains\DataGrip 2020.2.2\bin;;C:\Program Files\JetBrains\PyCharm 2020.2.1\bin;
USERNAME=antoi
OS=Windows_NT
PROCESSOR_IDENTIFIER=Intel64 Family 6 Model 165 Stepping 2, GenuineIntel



---------------  S Y S T E M  ---------------

OS:
 Windows 10 , 64 bit Build 19041 (10.0.19041.546)
OS uptime: 1 days 6:01 hours

CPU: total 16 (initial active 16) (8 cores per cpu, 2 threads per core) family 6 model 165 stepping 2 microcode 0xc8, cmov, cx8, fxsr, mmx, sse, sse2, sse3, ssse3, sse4.1, sse4.2, popcnt, vzeroupper, avx, avx2, aes, clmul, erms, 3dnowpref, lzcnt, ht, tsc, tscinvbit, bmi1, bmi2, adx, fma, clflush, clflushopt

Memory: 4k page, system-wide physical 16203M (3560M free)
TotalPageFile size 59211M (AvailPageFile size 35981M)
current process WorkingSet (physical memory assigned to process): 61M, peak: 61M
current process commit charge ("private bytes"): 383M, peak: 383M

vm_info: OpenJDK 64-Bit Server VM (15.0.1+9-18) for windows-amd64 JRE (15.0.1+9-18), built on Sep 15 2020 14:39:31 by "mach5one" with unknown MS VC++:1925

END.
